<?xml version="1.0" encoding="UTF-8"?>
<testng-results ignored="0" total="5" passed="4" failed="1" skipped="0">
  <reporter-output>
    <line>
      <![CDATA[Launching application]]>
    </line>
    <line>
      <![CDATA[validateSuccessfullLogin - Passed]]>
    </line>
    <line>
      <![CDATA[Launching application]]>
    </line>
    <line>
      <![CDATA[Wrong Password validation - PASSED]]>
    </line>
    <line>
      <![CDATA[Launching application]]>
    </line>
    <line>
      <![CDATA[Lockedout user validation - PASSED]]>
    </line>
    <line>
      <![CDATA[Launching application]]>
    </line>
    <line>
      <![CDATA[Username blank validation - PASSED]]>
    </line>
    <line>
      <![CDATA[Launching application]]>
    </line>
  </reporter-output>
  <suite started-at="2021-08-10T23:21:13 PDT" name="Aequilibrium Assignment" finished-at="2021-08-10T23:22:02 PDT" duration-ms="49162">
    <groups>
    </groups>
    <test started-at="2021-08-10T23:21:13 PDT" name="Login Tests" finished-at="2021-08-10T23:22:02 PDT" duration-ms="49162">
      <class name="com.aequilibrium.selenium.Login_Tests">
        <test-method is-config="true" signature="launchApplication()[pri:0, instance:com.aequilibrium.selenium.Login_Tests@51dcb805]" started-at="2021-08-10T23:21:13 PDT" name="launchApplication" finished-at="2021-08-10T23:21:17 PDT" duration-ms="4787" status="PASS">
          <reporter-output>
            <line>
              <![CDATA[Launching application]]>
            </line>
          </reporter-output>
        </test-method> <!-- launchApplication -->
        <test-method signature="validateSuccessfullLogin()[pri:0, instance:com.aequilibrium.selenium.Login_Tests@51dcb805]" started-at="2021-08-10T23:21:17 PDT" name="validateSuccessfullLogin" finished-at="2021-08-10T23:21:18 PDT" duration-ms="461" status="PASS">
          <reporter-output>
            <line>
              <![CDATA[validateSuccessfullLogin - Passed]]>
            </line>
          </reporter-output>
        </test-method> <!-- validateSuccessfullLogin -->
        <test-method is-config="true" signature="closeDriver()[pri:0, instance:com.aequilibrium.selenium.Login_Tests@51dcb805]" started-at="2021-08-10T23:21:18 PDT" name="closeDriver" finished-at="2021-08-10T23:21:18 PDT" duration-ms="346" status="PASS">
          <reporter-output>
          </reporter-output>
        </test-method> <!-- closeDriver -->
        <test-method is-config="true" signature="launchApplication()[pri:0, instance:com.aequilibrium.selenium.Login_Tests@51dcb805]" started-at="2021-08-10T23:21:18 PDT" name="launchApplication" finished-at="2021-08-10T23:21:22 PDT" duration-ms="3443" status="PASS">
          <reporter-output>
            <line>
              <![CDATA[Launching application]]>
            </line>
          </reporter-output>
        </test-method> <!-- launchApplication -->
        <test-method signature="validateLogin_WithWrongPassword()[pri:1, instance:com.aequilibrium.selenium.Login_Tests@51dcb805]" started-at="2021-08-10T23:21:22 PDT" name="validateLogin_WithWrongPassword" finished-at="2021-08-10T23:21:22 PDT" duration-ms="444" status="PASS">
          <reporter-output>
            <line>
              <![CDATA[Wrong Password validation - PASSED]]>
            </line>
          </reporter-output>
        </test-method> <!-- validateLogin_WithWrongPassword -->
        <test-method is-config="true" signature="closeDriver()[pri:0, instance:com.aequilibrium.selenium.Login_Tests@51dcb805]" started-at="2021-08-10T23:21:22 PDT" name="closeDriver" finished-at="2021-08-10T23:21:22 PDT" duration-ms="358" status="PASS">
          <reporter-output>
          </reporter-output>
        </test-method> <!-- closeDriver -->
        <test-method is-config="true" signature="launchApplication()[pri:0, instance:com.aequilibrium.selenium.Login_Tests@51dcb805]" started-at="2021-08-10T23:21:22 PDT" name="launchApplication" finished-at="2021-08-10T23:21:27 PDT" duration-ms="5020" status="PASS">
          <reporter-output>
            <line>
              <![CDATA[Launching application]]>
            </line>
          </reporter-output>
        </test-method> <!-- launchApplication -->
        <test-method signature="validateLogin_ForLockedOutUser()[pri:2, instance:com.aequilibrium.selenium.Login_Tests@51dcb805]" started-at="2021-08-10T23:21:27 PDT" name="validateLogin_ForLockedOutUser" finished-at="2021-08-10T23:21:28 PDT" duration-ms="378" status="PASS">
          <reporter-output>
            <line>
              <![CDATA[Lockedout user validation - PASSED]]>
            </line>
          </reporter-output>
        </test-method> <!-- validateLogin_ForLockedOutUser -->
        <test-method is-config="true" signature="closeDriver()[pri:0, instance:com.aequilibrium.selenium.Login_Tests@51dcb805]" started-at="2021-08-10T23:21:28 PDT" name="closeDriver" finished-at="2021-08-10T23:21:28 PDT" duration-ms="339" status="PASS">
          <reporter-output>
          </reporter-output>
        </test-method> <!-- closeDriver -->
        <test-method is-config="true" signature="launchApplication()[pri:0, instance:com.aequilibrium.selenium.Login_Tests@51dcb805]" started-at="2021-08-10T23:21:28 PDT" name="launchApplication" finished-at="2021-08-10T23:21:31 PDT" duration-ms="3256" status="PASS">
          <reporter-output>
            <line>
              <![CDATA[Launching application]]>
            </line>
          </reporter-output>
        </test-method> <!-- launchApplication -->
        <test-method signature="validateLogin_UserNameAsBlank()[pri:3, instance:com.aequilibrium.selenium.Login_Tests@51dcb805]" started-at="2021-08-10T23:21:31 PDT" name="validateLogin_UserNameAsBlank" finished-at="2021-08-10T23:21:32 PDT" duration-ms="311" status="PASS">
          <reporter-output>
            <line>
              <![CDATA[Username blank validation - PASSED]]>
            </line>
          </reporter-output>
        </test-method> <!-- validateLogin_UserNameAsBlank -->
        <test-method is-config="true" signature="closeDriver()[pri:0, instance:com.aequilibrium.selenium.Login_Tests@51dcb805]" started-at="2021-08-10T23:21:32 PDT" name="closeDriver" finished-at="2021-08-10T23:21:32 PDT" duration-ms="354" status="PASS">
          <reporter-output>
          </reporter-output>
        </test-method> <!-- closeDriver -->
        <test-method is-config="true" signature="launchApplication()[pri:0, instance:com.aequilibrium.selenium.Login_Tests@51dcb805]" started-at="2021-08-10T23:21:32 PDT" name="launchApplication" finished-at="2021-08-10T23:21:36 PDT" duration-ms="3508" status="PASS">
          <reporter-output>
            <line>
              <![CDATA[Launching application]]>
            </line>
          </reporter-output>
        </test-method> <!-- launchApplication -->
        <test-method signature="validateLogin_PasswordAsBlank()[pri:4, instance:com.aequilibrium.selenium.Login_Tests@51dcb805]" started-at="2021-08-10T23:21:36 PDT" name="validateLogin_PasswordAsBlank" finished-at="2021-08-10T23:22:01 PDT" duration-ms="25721" status="FAIL">
          <exception class="java.lang.RuntimeException">
            <message>
              <![CDATA[Expected condition failed: waiting for presence of element located by: By.xpath: //div[@class='error-message-container error']/h3[contains(text(),'Username is required')] (tried for 25 second(s) with 500 milliseconds interval)]]>
            </message>
            <full-stacktrace>
              <![CDATA[java.lang.RuntimeException: Expected condition failed: waiting for presence of element located by: By.xpath: //div[@class='error-message-container error']/h3[contains(text(),'Username is required')] (tried for 25 second(s) with 500 milliseconds interval)
at com.aequilibrium.selenium.Login_Tests.validateLogin_PasswordAsBlank(Login_Tests.java:157)
at java.base/jdk.internal.reflect.NativeMethodAccessorImpl.invoke0(Native Method)
at java.base/jdk.internal.reflect.NativeMethodAccessorImpl.invoke(NativeMethodAccessorImpl.java:78)
at java.base/jdk.internal.reflect.DelegatingMethodAccessorImpl.invoke(DelegatingMethodAccessorImpl.java:43)
at java.base/java.lang.reflect.Method.invoke(Method.java:567)
at org.testng.internal.MethodInvocationHelper.invokeMethod(MethodInvocationHelper.java:133)
at org.testng.internal.TestInvoker.invokeMethod(TestInvoker.java:598)
at org.testng.internal.TestInvoker.invokeTestMethod(TestInvoker.java:173)
at org.testng.internal.MethodRunner.runInSequence(MethodRunner.java:46)
at org.testng.internal.TestInvoker$MethodInvocationAgent.invoke(TestInvoker.java:824)
at org.testng.internal.TestInvoker.invokeTestMethods(TestInvoker.java:146)
at org.testng.internal.TestMethodWorker.invokeTestMethods(TestMethodWorker.java:146)
at org.testng.internal.TestMethodWorker.run(TestMethodWorker.java:128)
at java.base/java.util.ArrayList.forEach(ArrayList.java:1511)
at org.testng.TestRunner.privateRun(TestRunner.java:794)
at org.testng.TestRunner.run(TestRunner.java:596)
at org.testng.SuiteRunner.runTest(SuiteRunner.java:377)
at org.testng.SuiteRunner.runSequentially(SuiteRunner.java:371)
at org.testng.SuiteRunner.privateRun(SuiteRunner.java:332)
at org.testng.SuiteRunner.run(SuiteRunner.java:276)
at org.testng.SuiteRunnerWorker.runSuite(SuiteRunnerWorker.java:53)
at org.testng.SuiteRunnerWorker.run(SuiteRunnerWorker.java:96)
at org.testng.TestNG.runSuitesSequentially(TestNG.java:1212)
at org.testng.TestNG.runSuitesLocally(TestNG.java:1134)
at org.testng.TestNG.runSuites(TestNG.java:1063)
at org.testng.TestNG.run(TestNG.java:1031)
at org.testng.remote.AbstractRemoteTestNG.run(AbstractRemoteTestNG.java:115)
at org.testng.remote.RemoteTestNG.initAndRun(RemoteTestNG.java:251)
at org.testng.remote.RemoteTestNG.main(RemoteTestNG.java:77)
]]>
            </full-stacktrace>
          </exception> <!-- java.lang.RuntimeException -->
          <reporter-output>
          </reporter-output>
        </test-method> <!-- validateLogin_PasswordAsBlank -->
        <test-method is-config="true" signature="closeDriver()[pri:0, instance:com.aequilibrium.selenium.Login_Tests@51dcb805]" started-at="2021-08-10T23:22:01 PDT" name="closeDriver" finished-at="2021-08-10T23:22:02 PDT" duration-ms="391" status="PASS">
          <reporter-output>
          </reporter-output>
        </test-method> <!-- closeDriver -->
      </class> <!-- com.aequilibrium.selenium.Login_Tests -->
    </test> <!-- Login Tests -->
  </suite> <!-- Aequilibrium Assignment -->
</testng-results>
